<?xml version="1.0" encoding="UTF-8"?>
<testsuite xmlns:xsi="http://www.w3.org/2001/XMLSchema-instance" xsi:noNamespaceSchemaLocation="https://maven.apache.org/surefire/maven-surefire-plugin/xsd/surefire-test-report-3.0.xsd" version="3.0" name="com.sgu.login.controller.AuthControllerIntegrationTest" time="5.714" tests="2" errors="0" skipped="0" failures="0">
  <properties>
[...]
</properties>
  <testcase name="testLoginSuccess" classname="com.sgu.login.controller.AuthControllerIntegrationTest" time="0.784">
    <system-out><![CDATA[22:36:02.792 [main] INFO org.springframework.test.context.support.AnnotationConfigContextLoaderUtils -- Could not detect default configuration classes for test class [com.sgu.login.controller.AuthControllerIntegrationTest]: AuthControllerIntegrationTest does not declare any static, non-private, non-final, nested classes annotated with @Configuration.
22:36:03.266 [main] INFO org.springframework.boot.test.context.SpringBootTestContextBootstrapper -- Found @SpringBootConfiguration com.sgu.login.FloginBeApplication for test class com.sgu.login.controller.AuthControllerIntegrationTest

  .   ____          _            __ _ _
 /\\ / ___'_ __ _ _(_)_ __  __ _ \ \ \ \
( ( )\___ | '_ | '_| | '_ \/ _` | \ \ \ \
 \\/  ___)| |_)| | | | | || (_| |  ) ) ) )
  '  |____| .__|_| |_|_| |_\__, | / / / /
 =========|_|==============|___/=/_/_/_/

 :: Spring Boot ::                (v3.3.2)

2025-11-02T22:36:04.581+07:00  INFO 1280 --- [           main] c.s.l.c.AuthControllerIntegrationTest    : Starting AuthControllerIntegrationTest using Java 21.0.8 with PID 1280 (started by VICTUS in E:\FloginFE_BE\backend)
2025-11-02T22:36:04.584+07:00  INFO 1280 --- [           main] c.s.l.c.AuthControllerIntegrationTest    : No active profile set, falling back to 1 default profile: "default"
2025-11-02T22:36:07.031+07:00  INFO 1280 --- [           main] o.s.b.t.m.w.SpringBootMockServletContext : Initializing Spring TestDispatcherServlet ''
2025-11-02T22:36:07.031+07:00  INFO 1280 --- [           main] o.s.t.web.servlet.TestDispatcherServlet  : Initializing Servlet ''
2025-11-02T22:36:07.037+07:00  INFO 1280 --- [           main] o.s.t.web.servlet.TestDispatcherServlet  : Completed initialization in 3 ms
2025-11-02T22:36:07.086+07:00  INFO 1280 --- [           main] c.s.l.c.AuthControllerIntegrationTest    : Started AuthControllerIntegrationTest in 3.606 seconds (process running for 9.051)
]]></system-out>
  </testcase>
  <testcase name="testLoginValidationFail" classname="com.sgu.login.controller.AuthControllerIntegrationTest" time="0.051">
    <system-out><![CDATA[2025-11-02T22:36:07.947+07:00  WARN 1280 --- [           main] .w.s.m.s.DefaultHandlerExceptionResolver : Resolved [org.springframework.web.bind.MethodArgumentNotValidException: Validation failed for argument [0] in public org.springframework.http.ResponseEntity<?> com.sgu.login.controller.AuthController.login(com.sgu.login.dto.LoginRequest) with 2 errors: [Field error in object 'loginRequest' on field 'password': rejected value [123]; codes [Size.loginRequest.password,Size.password,Size.java.lang.String,Size]; arguments [org.springframework.context.support.DefaultMessageSourceResolvable: codes [loginRequest.password,password]; arguments []; default message [password],100,6]; default message [size must be between 6 and 100]] [Field error in object 'loginRequest' on field 'username': rejected value [a]; codes [Size.loginRequest.username,Size.username,Size.java.lang.String,Size]; arguments [org.springframework.context.support.DefaultMessageSourceResolvable: codes [loginRequest.username,username]; arguments []; default message [username],50,3]; default message [size must be between 3 and 50]] ]
]]></system-out>
  </testcase>
</testsuite>